#-----------------------------------------------------------
# Vivado v2020.2 (64-bit)
# SW Build 3064766 on Wed Nov 18 09:12:45 MST 2020
# IP Build 3064653 on Wed Nov 18 14:17:31 MST 2020
# Start of session at: Thu Dec 15 22:21:01 2022
# Process ID: 47644
# Current directory: C:/HDLProjects/FinalSubmission/Revision2.3
# Command line: vivado.exe -gui_launcher_event rodinguilauncherevent52880 C:\HDLProjects\FinalSubmission\Revision2.3\Revision2.3.xpr
# Log file: C:/HDLProjects/FinalSubmission/Revision2.3/vivado.log
# Journal file: C:/HDLProjects/FinalSubmission/Revision2.3\vivado.jou
#-----------------------------------------------------------
start_gui
open_project C:/HDLProjects/FinalSubmission/Revision2.3/Revision2.3.xpr
WARNING: [Board 49-91] Board repository path 'C:/Users/Zachary' does not exist, it will not be used to search board files.
WARNING: [Board 49-91] Board repository path 'c:/Users/Zachary' does not exist, it will not be used to search board files.
WARNING: [Board 49-91] Board repository path 'C:/HDLProjects/Revision2.3/Revision2.3/Montoya/AppData/Roaming/Xilinx/Vivado/Montoya/AppData/Roaming/Xilinx/Vivado/Montoya/AppData/Roaming/Xilinx/Vivado/Montoya/AppData/Roaming/Xilinx/Vivado/Montoya/AppData/Roaming/Xilinx/Vivado/Montoya/AppData/Roaming/Xilinx/Vivado/Montoya/AppData/Roaming/Xilinx/Vivado/Montoya/AppData/Roaming/Xilinx/Vivado/Montoya/AppData/Roaming/Xilinx/Vivado/Montoya/AppData/Roaming/Xilinx/Vivado/2020.2/xhub/board_store/xilinx_board_store' does not exist, it will not be used to search board files.
INFO: [Project 1-313] Project file moved from 'C:/HDLProjects/Revision3.0Working/Revision2.3' since last save.
CRITICAL WARNING: [Project 1-311] Could not find the file 'C:/HDLProjects/FinalSubmission/Revision2.3/Revision2.3.srcs/sources_1/imports/Pong/VHDL/pong_graph_st.vhd', nor could it be found using path 'C:/HDLProjects/Revision3.0Working/Revision2.3/Revision2.3.srcs/sources_1/imports/Pong/VHDL/pong_graph_st.vhd'.
Scanning sources...
Finished scanning sources
INFO: [IP_Flow 19-234] Refreshing IP repositories
INFO: [IP_Flow 19-1700] Loaded user IP repository 'c:/HDLProjects/FinalSubmission/Revision2.3/Revision2.3.srcs/sources_1/imports/Pong/z7_hdmi_driver/ip'.
INFO: [IP_Flow 19-2313] Loaded Vivado IP repository 'C:/Xilinx/Vivado/2020.2/data/ip'.
open_project: Time (s): cpu = 00:00:02 ; elapsed = 00:00:06 . Memory (MB): peak = 1105.852 ; gain = 0.000
update_compile_order -fileset sources_1
